<?xml version="1.0" encoding="UTF-8"?>
<!-- Generated by org.testng.reporters.JUnitXMLReporter -->
<testsuite ignored="0" hostname="DESKTOP-EGADVV9" failures="0" tests="7" name="Default test" time="0.111" errors="0" timestamp="2021-11-14T12:02:33 IST">
  <testcase classname="org.testCases.GroupingExecutionAnnpt" name="Mumbai" time="0.013"/>
  <testcase classname="org.testCases.GroupingExecutionAnnpt" name="Rajdhani" time="0.003"/>
  <testcase classname="org.testCases.GroupingExecutionAnnpt" name="delhi" time="0.003"/>
  <testcase classname="org.testCases.GroupingExecutionAnnpt" name="jalgaon" time="0.003"/>
  <testcase classname="org.testCases.GroupingExecutionAnnpt" name="nagpur" time="0.003"/>
  <testcase classname="org.testCases.GroupingExecutionAnnpt" name="pune" time="0.002"/>
  <testcase classname="org.testCases.GroupingExecutionAnnpt" name="test1" time="0.002"/>
</testsuite> <!-- Default test -->
