<?xml version="1.0" encoding="UTF-8"?>
<!-- Generated by org.testng.reporters.JUnitXMLReporter -->
<testsuite ignored="0" hostname="DESKTOP-EGADVV9" failures="0" tests="10" name="Test1" time="0.105" errors="0" timestamp="2021-11-13T17:29:41 IST">
  <testcase classname="org.testCases.GroupingEx" name="test1" time="0.011"/>
  <testcase classname="org.testCases.SequenceEx2" name="Login" time="0.011"/>
  <testcase classname="org.testCases.GroupingEx" name="test2" time="0.002"/>
  <testcase classname="org.testCases.SequenceEx2" name="Update" time="0.002"/>
  <testcase classname="org.testCases.SequenceEx2" name="delete" time="0.006"/>
  <testcase classname="org.testCases.SequenceEx2" name="password" time="0.002"/>
  <testcase classname="org.testCases.GroupingEx" name="test3" time="0.014"/>
  <testcase classname="org.testCases.GroupingEx" name="test4" time="0.002"/>
  <testcase classname="org.testCases.SequenceEx2" name="rename" time="0.011"/>
  <testcase classname="org.testCases.SequenceEx2" name="username" time="0.003"/>
</testsuite> <!-- Test1 -->
