<?xml version="1.0" encoding="UTF-8"?>
<!-- Generated by org.testng.reporters.JUnitXMLReporter -->
<testsuite ignored="0" hostname="DESKTOP-EGADVV9" failures="0" tests="4" name="Test2" time="0.025" errors="0" timestamp="2021-11-13T17:29:41 IST">
  <testcase classname="org.testCases.GroupingEx" name="test1" time="0.001"/>
  <testcase classname="org.testCases.GroupingEx" name="test2" time="0.001"/>
  <testcase classname="org.testCases.GroupingEx" name="test3" time="0.005"/>
  <testcase classname="org.testCases.GroupingEx" name="test4" time="0.002"/>
</testsuite> <!-- Test2 -->
