<?xml version="1.0" encoding="UTF-8"?>
<!-- Generated by org.testng.reporters.JUnitXMLReporter -->
<testsuite ignored="4" hostname="DESKTOP-EGADVV9" failures="0" tests="3" name="Test" time="0.065" errors="0" timestamp="2021-11-15T14:37:39 IST">
  <testcase classname="org.testCases.GroupingExecutionAnnpt" name="Mumbai" time="0.009"/>
  <testcase classname="org.testCases.GroupingExecutionAnnpt" name="jalgaon" time="0.002"/>
  <testcase classname="org.testCases.GroupingExecutionAnnpt" name="nagpur" time="0.002"/>
  <testcase classname="org.testCases.GroupingExecutionAnnpt" name="test1" time="0.0">
    <ignored/>
  </testcase> <!-- test1 -->
  <testcase classname="org.testCases.GroupingExecutionAnnpt" name="pune" time="0.0">
    <ignored/>
  </testcase> <!-- pune -->
  <testcase classname="org.testCases.GroupingExecutionAnnpt" name="delhi" time="0.0">
    <ignored/>
  </testcase> <!-- delhi -->
  <testcase classname="org.testCases.GroupingExecutionAnnpt" name="Rajdhani" time="0.0">
    <ignored/>
  </testcase> <!-- Rajdhani -->
</testsuite> <!-- Test -->
