<?xml version="1.0" encoding="UTF-8"?>
<testng-results ignored="4" total="7" passed="3" failed="0" skipped="0">
  <reporter-output>
  </reporter-output>
  <suite started-at="2021-11-15T14:37:39 IST" name="Suite" finished-at="2021-11-15T14:37:39 IST" duration-ms="65">
    <groups>
      <group name="smoke">
        <method signature="GroupingExecutionAnnpt.Mumbai()[pri:0, instance:org.testCases.GroupingExecutionAnnpt@7bd4937b]" name="Mumbai" class="org.testCases.GroupingExecutionAnnpt"/>
        <method signature="GroupingExecutionAnnpt.jalgaon()[pri:0, instance:org.testCases.GroupingExecutionAnnpt@7bd4937b]" name="jalgaon" class="org.testCases.GroupingExecutionAnnpt"/>
        <method signature="GroupingExecutionAnnpt.nagpur()[pri:0, instance:org.testCases.GroupingExecutionAnnpt@7bd4937b]" name="nagpur" class="org.testCases.GroupingExecutionAnnpt"/>
      </group> <!-- smoke -->
      <group name="Regression">
        <method signature="GroupingExecutionAnnpt.Mumbai()[pri:0, instance:org.testCases.GroupingExecutionAnnpt@7bd4937b]" name="Mumbai" class="org.testCases.GroupingExecutionAnnpt"/>
      </group> <!-- Regression -->
    </groups>
    <test started-at="2021-11-15T14:37:39 IST" name="Test" finished-at="2021-11-15T14:37:39 IST" duration-ms="65">
      <class name="org.testCases.GroupingExecutionAnnpt">
        <test-method signature="Mumbai()[pri:0, instance:org.testCases.GroupingExecutionAnnpt@7bd4937b]" started-at="2021-11-15T14:37:39 IST" name="Mumbai" finished-at="2021-11-15T14:37:39 IST" duration-ms="9" status="PASS">
          <reporter-output>
          </reporter-output>
        </test-method> <!-- Mumbai -->
        <test-method signature="jalgaon()[pri:0, instance:org.testCases.GroupingExecutionAnnpt@7bd4937b]" started-at="2021-11-15T14:37:39 IST" name="jalgaon" finished-at="2021-11-15T14:37:39 IST" duration-ms="2" status="PASS">
          <reporter-output>
          </reporter-output>
        </test-method> <!-- jalgaon -->
        <test-method signature="nagpur()[pri:0, instance:org.testCases.GroupingExecutionAnnpt@7bd4937b]" started-at="2021-11-15T14:37:39 IST" name="nagpur" finished-at="2021-11-15T14:37:39 IST" duration-ms="2" status="PASS">
          <reporter-output>
          </reporter-output>
        </test-method> <!-- nagpur -->
      </class> <!-- org.testCases.GroupingExecutionAnnpt -->
    </test> <!-- Test -->
  </suite> <!-- Suite -->
</testng-results>
